<?xml version="1.0" encoding="UTF-8"?>
<testng-results ignored="0" total="1" passed="1" failed="0" skipped="0">
  <reporter-output>
  </reporter-output>
  <suite started-at="2020-08-27T20:13:31 IST" name="Default suite" finished-at="2020-08-27T20:13:55 IST" duration-ms="23887">
    <groups>
    </groups>
    <test started-at="2020-08-27T20:13:31 IST" name="Default test" finished-at="2020-08-27T20:13:55 IST" duration-ms="23887">
      <class name="AlchemyLMS.TestCase1">
        <test-method is-config="true" signature="beforeMethod()[pri:0, instance:AlchemyLMS.TestCase1@7219ec67]" started-at="2020-08-27T20:13:31 IST" name="beforeMethod" finished-at="2020-08-27T20:13:54 IST" duration-ms="23168" status="PASS">
          <reporter-output>
          </reporter-output>
        </test-method> <!-- beforeMethod -->
        <test-method signature="VerifyWebsiteTitle()[pri:0, instance:AlchemyLMS.TestCase1@7219ec67]" started-at="2020-08-27T20:13:54 IST" name="VerifyWebsiteTitle" finished-at="2020-08-27T20:13:54 IST" duration-ms="17" status="PASS">
          <reporter-output>
          </reporter-output>
        </test-method> <!-- VerifyWebsiteTitle -->
        <test-method is-config="true" signature="afterMethod()[pri:0, instance:AlchemyLMS.TestCase1@7219ec67]" started-at="2020-08-27T20:13:54 IST" name="afterMethod" finished-at="2020-08-27T20:13:55 IST" duration-ms="664" status="PASS">
          <reporter-output>
          </reporter-output>
        </test-method> <!-- afterMethod -->
      </class> <!-- AlchemyLMS.TestCase1 -->
    </test> <!-- Default test -->
  </suite> <!-- Default suite -->
</testng-results>
